Determining if the pthread_create exist failed with the following output:
Change Dir: /home/filipaivars/Documents/Projects/robot_wall_follower/simulation_ws/build/CMakeFiles/CMakeTmp

Run Build Command:"/usr/bin/make" "cmTC_36a2c/fast"
/usr/bin/make -f CMakeFiles/cmTC_36a2c.dir/build.make CMakeFiles/cmTC_36a2c.dir/build
make[1]: Entering directory '/home/filipaivars/Documents/Projects/robot_wall_follower/simulation_ws/build/CMakeFiles/CMakeTmp'
Building C object CMakeFiles/cmTC_36a2c.dir/CheckSymbolExists.c.o
/usr/bin/cc    -o CMakeFiles/cmTC_36a2c.dir/CheckSymbolExists.c.o   -c /home/filipaivars/Documents/Projects/robot_wall_follower/simulation_ws/build/CMakeFiles/CMakeTmp/CheckSymbolExists.c
Linking C executable cmTC_36a2c
/usr/bin/cmake -E cmake_link_script CMakeFiles/cmTC_36a2c.dir/link.txt --verbose=1
/usr/bin/cc      -rdynamic CMakeFiles/cmTC_36a2c.dir/CheckSymbolExists.c.o  -o cmTC_36a2c 
CMakeFiles/cmTC_36a2c.dir/CheckSymbolExists.c.o: In function `main':
CheckSymbolExists.c:(.text+0x1b): undefined reference to `pthread_create'
collect2: error: ld returned 1 exit status
CMakeFiles/cmTC_36a2c.dir/build.make:97: recipe for target 'cmTC_36a2c' failed
make[1]: *** [cmTC_36a2c] Error 1
make[1]: Leaving directory '/home/filipaivars/Documents/Projects/robot_wall_follower/simulation_ws/build/CMakeFiles/CMakeTmp'
Makefile:126: recipe for target 'cmTC_36a2c/fast' failed
make: *** [cmTC_36a2c/fast] Error 2

File /home/filipaivars/Documents/Projects/robot_wall_follower/simulation_ws/build/CMakeFiles/CMakeTmp/CheckSymbolExists.c:
/* */
#include <pthread.h>

int main(int argc, char** argv)
{
  (void)argv;
#ifndef pthread_create
  return ((int*)(&pthread_create))[argc];
#else
  (void)argc;
  return 0;
#endif
}

Determining if the function pthread_create exists in the pthreads failed with the following output:
Change Dir: /home/filipaivars/Documents/Projects/robot_wall_follower/simulation_ws/build/CMakeFiles/CMakeTmp

Run Build Command:"/usr/bin/make" "cmTC_05105/fast"
/usr/bin/make -f CMakeFiles/cmTC_05105.dir/build.make CMakeFiles/cmTC_05105.dir/build
make[1]: Entering directory '/home/filipaivars/Documents/Projects/robot_wall_follower/simulation_ws/build/CMakeFiles/CMakeTmp'
Building C object CMakeFiles/cmTC_05105.dir/CheckFunctionExists.c.o
/usr/bin/cc   -DCHECK_FUNCTION_EXISTS=pthread_create   -o CMakeFiles/cmTC_05105.dir/CheckFunctionExists.c.o   -c /usr/share/cmake-3.10/Modules/CheckFunctionExists.c
Linking C executable cmTC_05105
/usr/bin/cmake -E cmake_link_script CMakeFiles/cmTC_05105.dir/link.txt --verbose=1
/usr/bin/cc  -DCHECK_FUNCTION_EXISTS=pthread_create    -rdynamic CMakeFiles/cmTC_05105.dir/CheckFunctionExists.c.o  -o cmTC_05105 -lpthreads 
/usr/bin/ld: cannot find -lpthreads
collect2: error: ld returned 1 exit status
CMakeFiles/cmTC_05105.dir/build.make:97: recipe for target 'cmTC_05105' failed
make[1]: *** [cmTC_05105] Error 1
make[1]: Leaving directory '/home/filipaivars/Documents/Projects/robot_wall_follower/simulation_ws/build/CMakeFiles/CMakeTmp'
Makefile:126: recipe for target 'cmTC_05105/fast' failed
make: *** [cmTC_05105/fast] Error 2


